<?xml version="1.0" encoding="UTF-8"?>
<testng-results ignored="0" total="2" passed="2" failed="0" skipped="0">
  <reporter-output>
  </reporter-output>
  <suite started-at="2023-09-16T23:11:59 IST" name="Default suite" finished-at="2023-09-16T23:11:59 IST" duration-ms="204">
    <groups>
    </groups>
    <test started-at="2023-09-16T23:11:59 IST" name="Default test" finished-at="2023-09-16T23:11:59 IST" duration-ms="204">
      <class name="testNGsample.Class_1">
        <test-method signature="Accountlogin()[pri:1, instance:testNGsample.Class_1@242b836]" started-at="2023-09-16T23:11:59 IST" name="Accountlogin" finished-at="2023-09-16T23:11:59 IST" duration-ms="22" status="PASS">
          <reporter-output>
          </reporter-output>
        </test-method> <!-- Accountlogin -->
        <test-method signature="login()[pri:2, instance:testNGsample.Class_1@242b836]" started-at="2023-09-16T23:11:59 IST" name="login" finished-at="2023-09-16T23:11:59 IST" duration-ms="16" status="PASS">
          <reporter-output>
          </reporter-output>
        </test-method> <!-- login -->
      </class> <!-- testNGsample.Class_1 -->
    </test> <!-- Default test -->
  </suite> <!-- Default suite -->
</testng-results>
